{
  "RSpec": {
    "coverage": {
      "/Users/patricia/makersbnb/Makers-BNB/spec/database_connection_spec.rb": {
        "lines": [
          1,
          null,
          1,
          1,
          1,
          1,
          null,
          1,
          null,
          null,
          null,
          1,
          1,
          1,
          1,
          null,
          1,
          null,
          null,
          null
        ]
      },
      "/Users/patricia/makersbnb/Makers-BNB/spec/features/add_listing_spec.rb": {
        "lines": [
          1,
          1,
          1,
          1,
          1,
          1,
          1,
          1,
          null,
          null
        ]
      },
      "/Users/patricia/makersbnb/Makers-BNB/spec/features/homepage_spec.rb": {
        "lines": [
          1,
          1,
          1,
          1,
          1,
          null,
          null,
          1,
          1,
          1,
          1,
          null,
          null
        ]
      },
      "/Users/patricia/makersbnb/Makers-BNB/spec/features/listings_page_spec.rb": {
        "lines": [
          1,
          1,
          1,
          1,
          1,
          0,
          0,
          null,
          null
        ]
      },
      "/Users/patricia/makersbnb/Makers-BNB/spec/features/testing_infrastructure_spec.rb": {
        "lines": [
          1,
          null,
          null,
          1,
          1,
          1,
          1,
          null,
          null
        ]
      },
      "/Users/patricia/makersbnb/Makers-BNB/spec/listing_spec.rb": {
        "lines": [
          1,
          null,
          1,
          3,
          null,
          1,
          1,
          null,
          null,
          1,
          1,
          null,
          null,
          1,
          1,
          1,
          1,
          1,
          1,
          1,
          1,
          null,
          null,
          null,
          1,
          1,
          1,
          1,
          1,
          1,
          1,
          1,
          1,
          1,
          null,
          null,
          null
        ]
      },
      "/Users/patricia/makersbnb/Makers-BNB/spec/user_spec.rb": {
        "lines": [
          1,
          1,
          1,
          null,
          null
        ]
      },
      "/Users/patricia/makersbnb/Makers-BNB/lib/user.rb": {
        "lines": [
          1,
          null
        ]
      }
    },
    "timestamp": 1597231272
  }
}
